<?xml version="1.0" encoding="UTF-8"?>
<testsuite name="RecordingApiTest" tests="2" skipped="0" failures="0" errors="0" timestamp="2025-01-05T16:14:09" hostname="Sahils-MacBook-Air.local" time="1.181">
  <properties/>
  <testcase name="testStartRecording[0]({transcription={output_modes=[txt, srt, json], enabled=true, summary={enabled=true, context=this is a general call, sections=[{title=Agenda, format=bullets}, {title=Key Points, format=bullets}, {title=Action Items, format=bullets}, {title=Short Summary, format=paragraph}], temperature=0.5}, custom_vocabulary=[100ms, WebSDK, Flutter, Sundar, Pichai, DALL-E]}, meeting_url=https://example.com/meeting, resolution={height=720, width=1280}})" classname="RecordingApiTest" time="0.812"/>
  <testcase name="testStopRecordingAndVerify" classname="RecordingApiTest" time="0.367"/>
  <system-out><![CDATA[]]></system-out>
  <system-err><![CDATA[]]></system-err>
</testsuite>
